#
# There is insufficient memory for the Java Runtime Environment to continue.
# Native memory allocation (malloc) failed to allocate 1346736 bytes for Chunk::new
# Possible reasons:
#   The system is out of physical RAM or swap space
#   In 32 bit mode, the process size limit was hit
# Possible solutions:
#   Reduce memory load on the system
#   Increase physical memory or swap space
#   Check if swap backing store is full
#   Use 64 bit Java on a 64 bit OS
#   Decrease Java heap size (-Xmx/-Xms)
#   Decrease number of Java threads
#   Decrease Java thread stack sizes (-Xss)
#   Set larger code cache with -XX:ReservedCodeCacheSize=
# This output file may be truncated or incomplete.
#
#  Out of Memory Error (allocation.cpp:390), pid=8336, tid=10044
#
# JRE version: Java(TM) SE Runtime Environment (8.0_91-b15) (build 1.8.0_91-b15)
# Java VM: Java HotSpot(TM) 64-Bit Server VM (25.91-b15 mixed mode windows-amd64 compressed oops)
# Failed to write core dump. Minidumps are not enabled by default on client versions of Windows
#

---------------  T H R E A D  ---------------

Current thread (0x0000000015422000):  JavaThread "C2 CompilerThread1" daemon [_thread_in_native, id=10044, stack(0x0000000016a70000,0x0000000016b70000)]

Stack: [0x0000000016a70000,0x0000000016b70000]
[error occurred during error reporting (printing stack bounds), id 0xc0000005]

Native frames: (J=compiled Java code, j=interpreted, Vv=VM code, C=native code)


Current CompileTask:
C2:   9277  990   !   4       com.android.dx.cf.code.BytecodeArray::parseInstruction (2764 bytes)


---------------  P R O C E S S  ---------------

Java Threads: ( => current thread )
  0x0000000016eff800 JavaThread "pool-2-thread-4" [_thread_blocked, id=2752, stack(0x0000000017670000,0x0000000017770000)]
  0x0000000016efe800 JavaThread "pool-2-thread-3" [_thread_blocked, id=5036, stack(0x0000000017570000,0x0000000017670000)]
  0x0000000016df4800 JavaThread "pool-2-thread-2" [_thread_blocked, id=5344, stack(0x0000000017470000,0x0000000017570000)]
  0x0000000016df3800 JavaThread "pool-3-thread-1" [_thread_blocked, id=8248, stack(0x0000000017370000,0x0000000017470000)]
  0x0000000016df1000 JavaThread "pool-2-thread-1" [_thread_blocked, id=5804, stack(0x0000000017270000,0x0000000017370000)]
  0x0000000016c71800 JavaThread "Service Thread" daemon [_thread_blocked, id=4756, stack(0x0000000017070000,0x0000000017170000)]
  0x000000001547c800 JavaThread "C1 CompilerThread2" daemon [_thread_blocked, id=10208, stack(0x0000000016b70000,0x0000000016c70000)]
=>0x0000000015422000 JavaThread "C2 CompilerThread1" daemon [_thread_in_native, id=10044, stack(0x0000000016a70000,0x0000000016b70000)]
  0x000000001541e800 JavaThread "C2 CompilerThread0" daemon [_thread_in_native, id=464, stack(0x0000000016970000,0x0000000016a70000)]
  0x000000001541c800 JavaThread "Attach Listener" daemon [_thread_blocked, id=9596, stack(0x0000000016870000,0x0000000016970000)]
  0x0000000002d4e000 JavaThread "Signal Dispatcher" daemon [_thread_blocked, id=10192, stack(0x0000000016770000,0x0000000016870000)]
  0x000000001540a800 JavaThread "Finalizer" daemon [_thread_blocked, id=9884, stack(0x0000000016670000,0x0000000016770000)]
  0x0000000002d40000 JavaThread "Reference Handler" daemon [_thread_blocked, id=6100, stack(0x0000000016570000,0x0000000016670000)]
  0x00000000029bd800 JavaThread "main" [_thread_blocked, id=8760, stack(0x0000000002a50000,0x0000000002b50000)]

Other Threads:
  0x00000000153e8000 VMThread [stack: 0x0000000016470000,0x0000000016570000] [id=2256]
  0x0000000016c78000 WatcherThread [stack: 0x0000000017170000,0x0000000017270000] [id=5792]

VM state:not at safepoint (normal execution)

VM Mutex/Monitor currently owned by a thread: None

Heap:
 PSYoungGen      total 38400K, used 24895K [0x00000000eab00000, 0x00000000ed580000, 0x0000000100000000)
  eden space 33280K, 74% used [0x00000000eab00000,0x00000000ec34fdb8,0x00000000ecb80000)
  from space 5120K, 0% used [0x00000000ed080000,0x00000000ed080000,0x00000000ed580000)
  to   space 5120K, 0% used [0x00000000ecb80000,0x00000000ecb80000,0x00000000ed080000)
 ParOldGen       total 87552K, used 0K [0x00000000c0000000, 0x00000000c5580000, 0x00000000eab00000)
  object space 87552K, 0% used [0x00000000c0000000,0x00000000c0000000,0x00000000c5580000)
 Metaspace       used 5929K, capacity 6900K, committed 7040K, reserved 1056768K
  class space    used 605K, capacity 620K, committed 640K, reserved 1048576K

Card table byte_map: [0x0000000012110000,0x0000000012320000] byte_map_base: 0x0000000011b10000

Marking Bits: (ParMarkBitMap*) 0x0000000072da2f70
 Begin Bits: [0x0000000012880000, 0x0000000013880000)
 End Bits:   [0x0000000013880000, 0x0000000014880000)

Polling page: 0x00000000010c0000

CodeCache: size=245760Kb used=4283Kb max_used=4283Kb free=241476Kb
 bounds [0x0000000002d50000, 0x0000000003190000, 0x0000000011d50000]
 total_blobs=1321 nmethods=1052 adapters=182
 compilation: enabled

Compilation events (10 events):
Event: 9.269 Thread 0x000000001547c800 nmethod 1047 0x0000000003177c10 code [0x0000000003177f60, 0x000000000317a0b8]
Event: 9.269 Thread 0x000000001547c800 1058       3       com.android.dx.rop.code.BasicBlockList::forEachInsn (39 bytes)
Event: 9.270 Thread 0x000000001547c800 nmethod 1058 0x000000000317b3d0 code [0x000000000317b5c0, 0x000000000317c1a8]
Event: 9.270 Thread 0x000000001547c800 1050       3       com.android.dx.ssa.SsaMethod::buildUseList (112 bytes)
Event: 9.271 Thread 0x000000001547c800 nmethod 1050 0x000000000317c690 code [0x000000000317c920, 0x000000000317dc18]
Event: 9.271 Thread 0x000000001547c800 1048       3       com.android.dx.ssa.back.FirstFitLocalCombiningAllocator::tryMapRegs (110 bytes)
Event: 9.273 Thread 0x000000001547c800 nmethod 1048 0x000000000317e690 code [0x000000000317e8e0, 0x000000000317f658]
Event: 9.273 Thread 0x000000001547c800 1056       3       com.android.dx.ssa.back.FirstFitLocalCombiningAllocator::getAlignment (32 bytes)
Event: 9.274 Thread 0x000000001547c800 nmethod 1056 0x000000000317fe10 code [0x000000000317ff80, 0x0000000003180250]
Event: 9.274 Thread 0x000000001547c800 1051       3       com.android.dx.rop.code.PlainCstInsn::withNewRegisters (22 bytes)

GC Heap History (0 events):
No events

Deoptimization events (3 events):
Event: 5.847 Thread 0x00000000029bd800 Uncommon trap: reason=unstable_if action=reinterpret pc=0x0000000002f78364 method=java.util.HashMap.getNode(ILjava/lang/Object;)Ljava/util/HashMap$Node; @ 129
Event: 6.004 Thread 0x0000000016eff800 Uncommon trap: reason=unstable_if action=reinterpret pc=0x0000000003077cdc method=com.android.dx.rop.cst.Constant.compareTo(Lcom/android/dx/rop/cst/Constant;)I @ 12
Event: 7.042 Thread 0x0000000016efe800 Uncommon trap: reason=unstable_if action=reinterpret pc=0x0000000002fda0b4 method=java.util.HashMap.getNode(ILjava/lang/Object;)Ljava/util/HashMap$Node; @ 129

Internal exceptions (2 events):
Event: 0.997 Thread 0x00000000029bd800 Exception <a 'java/lang/NoSuchMethodError': Method sun.misc.Unsafe.defineClass(Ljava/lang/String;[BII)Ljava/lang/Class; name or signature does not match> (0x00000000eab07cc0) thrown at [C:\re\workspace\8-2-build-windows-amd64-cygwin\jdk8u91\7017\hotspot\srã Þ¹åï?
Event: 0.997 Thread 0x00000000029bd800 Exception <a 'java/lang/NoSuchMethodError': Method sun.misc.Unsafe.prefetchRead(Ljava/lang/Object;J)V name or signature does not match> (0x00000000eab07fa8) thrown at [C:\re\workspace\8-2-build-windows-amd64-cygwin\jdk8u91\7017\hotspot\src\share\vm\prims\j

Events (10 events):
Event: 7.127 loading class java/util/HashMap$KeySet
Event: 7.127 loading class java/util/HashMap$KeySet done
Event: 7.127 loading class java/util/HashMap$KeyIterator
Event: 7.127 loading class java/util/HashMap$KeyIterator done
Event: 7.207 loading class java/util/TreeMap$EntrySet
Event: 7.208 loading class java/util/TreeMap$EntrySet done
Event: 7.208 loading class java/util/TreeMap$EntryIterator
Event: 7.208 loading class java/util/TreeMap$EntryIterator done
Event: 7.208 Executing VM operation: Deoptimize
Event: 7.239 Executing VM operation: Deoptimize done


Dynamic libraries:
0x00007ff649f30000 - 0x00007ff649f67000 	C:\Program Files\Java\jdk1.8.0_91\bin\java.exe
0x00007ffc675d0000 - 0x00007ffc67791000 	C:\WINDOWS\SYSTEM32\ntdll.dll
0x00007ffc65860000 - 0x00007ffc6590d000 	C:\WINDOWS\system32\KERNEL32.DLL
0x00007ffc64390000 - 0x00007ffc64578000 	C:\WINDOWS\system32\KERNELBASE.dll
0x00007ffc65630000 - 0x00007ffc656d7000 	C:\WINDOWS\system32\ADVAPI32.dll
0x00007ffc65af0000 - 0x00007ffc65b8d000 	C:\WINDOWS\system32\msvcrt.dll
0x00007ffc656e0000 - 0x00007ffc6573b000 	C:\WINDOWS\system32\sechost.dll
0x00007ffc65740000 - 0x00007ffc6585c000 	C:\WINDOWS\system32\RPCRT4.dll
0x00007ffc65340000 - 0x00007ffc65496000 	C:\WINDOWS\system32\USER32.dll
0x00007ffc64d60000 - 0x00007ffc64ee6000 	C:\WINDOWS\system32\GDI32.dll
0x00007ffc536a0000 - 0x00007ffc53914000 	C:\WINDOWS\WinSxS\amd64_microsoft.windows.common-controls_6595b64144ccf1df_6.0.10586.0_none_8c15ae12515e1c22\COMCTL32.dll
0x00007ffc64ae0000 - 0x00007ffc64d5d000 	C:\WINDOWS\system32\combase.dll
0x00007ffc64820000 - 0x00007ffc6488a000 	C:\WINDOWS\system32\bcryptPrimitives.dll
0x00007ffc659e0000 - 0x00007ffc65a1b000 	C:\WINDOWS\system32\IMM32.DLL
0x0000000072030000 - 0x0000000072102000 	C:\Program Files\Java\jdk1.8.0_91\jre\bin\msvcr100.dll
0x0000000072590000 - 0x0000000072e23000 	C:\Program Files\Java\jdk1.8.0_91\jre\bin\server\jvm.dll
0x00007ffc654c0000 - 0x00007ffc654c8000 	C:\WINDOWS\system32\PSAPI.DLL
0x00007ffc5b9a0000 - 0x00007ffc5b9a9000 	C:\WINDOWS\SYSTEM32\WSOCK32.dll
0x00007ffc65910000 - 0x00007ffc6597b000 	C:\WINDOWS\system32\WS2_32.dll
0x00007ffc62490000 - 0x00007ffc624b3000 	C:\WINDOWS\SYSTEM32\WINMM.dll
0x00007ffc57590000 - 0x00007ffc5759a000 	C:\WINDOWS\SYSTEM32\VERSION.dll
0x00007ffc62430000 - 0x00007ffc6245c000 	C:\WINDOWS\SYSTEM32\WINMMBASE.dll
0x00007ffc64920000 - 0x00007ffc64963000 	C:\WINDOWS\system32\cfgmgr32.dll
0x00000000724a0000 - 0x00000000724af000 	C:\Program Files\Java\jdk1.8.0_91\jre\bin\verify.dll
0x0000000072470000 - 0x0000000072499000 	C:\Program Files\Java\jdk1.8.0_91\jre\bin\java.dll
0x0000000072450000 - 0x0000000072466000 	C:\Program Files\Java\jdk1.8.0_91\jre\bin\zip.dll
0x00007ffc65b90000 - 0x00007ffc670ec000 	C:\WINDOWS\system32\SHELL32.dll
0x00007ffc63d40000 - 0x00007ffc64384000 	C:\WINDOWS\system32\windows.storage.dll
0x00007ffc65980000 - 0x00007ffc659d2000 	C:\WINDOWS\system32\shlwapi.dll
0x00007ffc63c10000 - 0x00007ffc63c1f000 	C:\WINDOWS\system32\kernel.appcore.dll
0x00007ffc63c80000 - 0x00007ffc63d35000 	C:\WINDOWS\system32\shcore.dll
0x00007ffc63c30000 - 0x00007ffc63c7b000 	C:\WINDOWS\system32\powrprof.dll
0x00007ffc63bf0000 - 0x00007ffc63c04000 	C:\WINDOWS\system32\profapi.dll

VM Arguments:
jvm_args: -Djava.awt.headless=true -Xmx1024M -Dfile.encoding=windows-1252 -Duser.country=CA -Duser.language=en -Duser.variant 
java_command: com.android.dx.command.Main --dex --force-jumbo --num-threads=4 --multi-dex --output C:\Users\Alyssa\AndroidStudioProjects\MouseyTrap\app\build\intermediates\transforms\dex\debug\folders\1000\10\com.android.support-support-vector-drawable-23.2.0_718594960be359a095ed324d857e9f872643526d C:\Users\Alyssa\AndroidStudioProjects\MouseyTrap\app\build\intermediates\exploded-aar\com.android.support\support-vector-drawable\23.2.0\jars\classes.jar
java_class_path (initial): C:\Users\Alyssa\AppData\Local\Android\sdk1\build-tools\23.0.2\lib\dx.jar
Launcher Type: SUN_STANDARD

Environment Variables:
JAVA_HOME=C:\Program Files\Java\jdk1.8.0_91
PATH=C:\Program Files\ImageMagick-6.9.3-Q16;C:\Program Files (x86)\NVIDIA Corporation\PhysX\Common;C:\Perl64\site\bin;C:\Perl64\bin;C:\ProgramData\Oracle\Java\javapath;C:\Program Files (x86)\Intel\iCLS Client\;C:\Program Files\Intel\iCLS Client\;C:\WINDOWS\system32;C:\WINDOWS;C:\WINDOWS\System32\Wbem;C:\WINDOWS\System32\WindowsPowerShell\v1.0\;C:\Program Files\Intel\Intel(R) Management Engine Components\DAL;C:\Program Files\Intel\Intel(R) Management Engine Components\IPT;C:\Program Files (x86)\Intel\Intel(R) Management Engine Components\DAL;C:\Program Files (x86)\Intel\Intel(R) Management Engine Components\IPT;C:\Program Files\Java\jdk1.8.0_40\bin;C:\Program Files (x86)\Windows Kits\8.1\Windows Performance Toolkit\;C:\Program Files (x86)\Microsoft SDKs\TypeScript\1.0\;C:\Program Files (x86)\NVIDIA Corporation\Cg\bin;C:\Program Files (x86)\NVIDIA Corporation\Cg\bin.x64;C:\Program Files (x86)\Skype\Phone\;C:\Program Files\Git\cmd;C:\Program Files\Git\mingw64\bin;C:\Program Files\Git\usr\bin;C:\wamp64\bin\mysql\mysql5.7.9\bin;C:\Program Files (x86)\MySQL\MySQL Fabric 1.5 & MySQL Utilities 1.5\;C:\Program Files (x86)\MySQL\MySQL Fabric 1.5 & MySQL Utilities 1.5\Doctrine extensions for PHP\;C:\WINDOWS\system32\config\systemprofile\.dnx\bin;C:\Program Files\Microsoft DNX\Dnvm\;C:\Program Files\Microsoft SQL Server\130\Tools\Binn\
USERNAME=Alyssa
OS=Windows_NT
PROCESSOR_IDENTIFIER=Intel64 Family 6 Model 69 Stepping 1, GenuineIntel



---------------  S Y S T E M  ---------------

OS: Windows 10.0 , 64 bit Build 10586 (10.0.10586.0)

CPU:total 4 (2 cores per cpu, 2 threads per core) family 6 model 69 stepping 1, cmov, cx8, fxsr, mmx, sse, sse2, sse3, ssse3, sse4.1, sse4.2, popcnt, avx, avx2, aes, clmul, erms, lzcnt, ht, tsc, tscinvbit, bmi1, bmi2

Memory: 4k page, physical 8306832k(1949800k free), swap 10604248k(682444k free)

vm_info: Java HotSpot(TM) 64-Bit Server VM (25.91-b15) for windows-amd64 JRE (1.8.0_91-b15), built on May 20 2016 17:43:15 by "java_re" with MS VC++ 10.0 (VS2010)

time: Fri Jun 24 19:21:07 2016
elapsed time: 9 seconds (0d 0h 0m 9s)

